<?xml version="1.0" encoding="UTF-8"?>
<testsuite xmlns:xsi="http://www.w3.org/2001/XMLSchema-instance" xsi:noNamespaceSchemaLocation="https://maven.apache.org/surefire/maven-surefire-plugin/xsd/surefire-test-report-3.0.xsd" version="3.0" name="org.rationalclosure.AppTest" time="0.022" tests="1" errors="0" skipped="0" failures="0">
  <properties>
    <property name="java.specification.version" value="17"/>
    <property name="sun.cpu.isalist" value="amd64"/>
    <property name="sun.jnu.encoding" value="Cp1252"/>
    <property name="java.class.path" value="C:\Users\maqho\OneDrive\Documents\UCT\Honours\Project\FinalOptimisation\MHLMAQ001\rationalclosure\target\test-classes;C:\Users\maqho\OneDrive\Documents\UCT\Honours\Project\FinalOptimisation\MHLMAQ001\rationalclosure\target\classes;C:\Users\maqho\.m2\repository\junit\junit\3.8.1\junit-3.8.1.jar;C:\Users\maqho\.m2\repository\org\tweetyproject\tweety-full\1.20\tweety-full-1.20.jar;C:\Users\maqho\.m2\repository\org\tweetyproject\action\1.20\action-1.20.jar;C:\Users\maqho\.m2\repository\org\tweetyproject\agents\1.20\agents-1.20.jar;C:\Users\maqho\.m2\repository\org\tweetyproject\agents\dialogues\1.20\dialogues-1.20.jar;C:\Users\maqho\.m2\repository\org\tweetyproject\arg\aba\1.20\aba-1.20.jar;C:\Users\maqho\.m2\repository\org\tweetyproject\arg\adf\1.20\adf-1.20.jar;C:\Users\maqho\.m2\repository\org\tweetyproject\arg\bipolar\1.20\bipolar-1.20.jar;C:\Users\maqho\.m2\repository\org\tweetyproject\arg\aspic\1.20\aspic-1.20.jar;C:\Users\maqho\.m2\repository\org\tweetyproject\arg\deductive\1.20\deductive-1.20.jar;C:\Users\maqho\.m2\repository\org\tweetyproject\arg\delp\1.20\delp-1.20.jar;C:\Users\maqho\.m2\repository\args4j\args4j\2.0.26\args4j-2.0.26.jar;C:\Users\maqho\.m2\repository\org\tweetyproject\arg\dung\1.20\dung-1.20.jar;C:\Users\maqho\.m2\repository\org\tweetyproject\arg\lp\1.20\lp-1.20.jar;C:\Users\maqho\.m2\repository\org\tweetyproject\arg\prob\1.20\prob-1.20.jar;C:\Users\maqho\.m2\repository\org\tweetyproject\arg\saf\1.20\saf-1.20.jar;C:\Users\maqho\.m2\repository\org\tweetyproject\arg\setaf\1.20\setaf-1.20.jar;C:\Users\maqho\.m2\repository\org\tweetyproject\arg\social\1.20\social-1.20.jar;C:\Users\maqho\.m2\repository\org\tweetyproject\arg\rankings\1.20\rankings-1.20.jar;C:\Users\maqho\.m2\repository\org\tweetyproject\beliefdynamics\1.20\beliefdynamics-1.20.jar;C:\Users\maqho\.m2\repository\org\tweetyproject\cli\1.20\cli-1.20.jar;C:\Users\maqho\.m2\repository\jspf\core\1.0.2\core-1.0.2.jar;C:\Users\maqho\.m2\repository\commons-configuration\commons-configuration\1.9\commons-configuration-1.9.jar;C:\Users\maqho\.m2\repository\commons-lang\commons-lang\2.6\commons-lang-2.6.jar;C:\Users\maqho\.m2\repository\commons-logging\commons-logging\1.1.1\commons-logging-1.1.1.jar;C:\Users\maqho\.m2\repository\org\tweetyproject\commons\1.20\commons-1.20.jar;C:\Users\maqho\.m2\repository\ch\qos\logback\logback-core\0.9.30\logback-core-0.9.30.jar;C:\Users\maqho\.m2\repository\ch\qos\logback\logback-classic\0.9.30\logback-classic-0.9.30.jar;C:\Users\maqho\.m2\repository\org\slf4j\slf4j-api\1.6.2\slf4j-api-1.6.2.jar;C:\Users\maqho\.m2\repository\org\slf4j\slf4j-log4j12\1.7.26\slf4j-log4j12-1.7.26.jar;C:\Users\maqho\.m2\repository\log4j\log4j\1.2.17\log4j-1.2.17.jar;C:\Users\maqho\.m2\repository\org\tweetyproject\graphs\1.20\graphs-1.20.jar;C:\Users\maqho\.m2\repository\gov\nist\math\jama\1.0.3\jama-1.0.3.jar;C:\Users\maqho\.m2\repository\org\jgrapht\jgrapht-ext\1.5.0\jgrapht-ext-1.5.0.jar;C:\Users\maqho\.m2\repository\org\jgrapht\jgrapht-core\1.5.0\jgrapht-core-1.5.0.jar;C:\Users\maqho\.m2\repository\org\jheaps\jheaps\0.13\jheaps-0.13.jar;C:\Users\maqho\.m2\repository\com\github\vlsi\mxgraph\jgraphx\4.0.5\jgraphx-4.0.5.jar;C:\Users\maqho\.m2\repository\org\tweetyproject\logics\bpm\1.20\bpm-1.20.jar;C:\Users\maqho\.m2\repository\org\tweetyproject\logics\petri\1.20\petri-1.20.jar;C:\Users\maqho\.m2\repository\org\tweetyproject\logics\cl\1.20\cl-1.20.jar;C:\Users\maqho\.m2\repository\org\tweetyproject\logics\commons\1.20\commons-1.20.jar;C:\Users\maqho\.m2\repository\org\tweetyproject\logics\dl\1.20\dl-1.20.jar;C:\Users\maqho\.m2\repository\org\tweetyproject\logics\fol\1.20\fol-1.20.jar;C:\Users\maqho\.m2\repository\org\tweetyproject\logics\ml\1.20\ml-1.20.jar;C:\Users\maqho\.m2\repository\org\tweetyproject\logics\mln\1.20\mln-1.20.jar;C:\Users\maqho\.m2\repository\org\tweetyproject\logics\pcl\1.20\pcl-1.20.jar;C:\Users\maqho\.m2\repository\org\tweetyproject\logics\pl\1.20\pl-1.20.jar;C:\Users\maqho\.m2\repository\org\ow2\sat4j\org.ow2.sat4j.core\2.3.5\org.ow2.sat4j.core-2.3.5.jar;C:\Users\maqho\.m2\repository\org\tweetyproject\logics\qbf\1.20\qbf-1.20.jar;C:\Users\maqho\.m2\repository\org\tweetyproject\logics\rcl\1.20\rcl-1.20.jar;C:\Users\maqho\.m2\repository\org\tweetyproject\logics\rdl\1.20\rdl-1.20.jar;C:\Users\maqho\.m2\repository\org\tweetyproject\logics\rpcl\1.20\rpcl-1.20.jar;C:\Users\maqho\.m2\repository\org\tweetyproject\logics\translators\1.20\translators-1.20.jar;C:\Users\maqho\.m2\repository\org\tweetyproject\lp\asp\1.20\asp-1.20.jar;C:\Users\maqho\.m2\repository\org\tweetyproject\lp\asp\beliefdynamics\1.20\beliefdynamics-1.20.jar;C:\Users\maqho\.m2\repository\org\tweetyproject\lp\nlp\1.20\nlp-1.20.jar;C:\Users\maqho\.m2\repository\org\tweetyproject\machinelearning\1.20\machinelearning-1.20.jar;C:\Users\maqho\.m2\repository\tw\edu\ntu\csie\libsvm\3.17\libsvm-3.17.jar;C:\Users\maqho\.m2\repository\org\tweetyproject\math\1.20\math-1.20.jar;C:\Users\maqho\.m2\repository\org\apache\commons\commons-math\2.1\commons-math-2.1.jar;C:\Users\maqho\.m2\repository\org\apache\commons\commons-math3\3.2\commons-math3-3.2.jar;C:\Users\maqho\.m2\repository\org\ojalgo\ojalgo\35.0\ojalgo-35.0.jar;C:\Users\maqho\.m2\repository\isula\isula\1.1.1\isula-1.1.1.jar;C:\Users\maqho\.m2\repository\gurobi\gurobi\9.1.0\gurobi-9.1.0.jar;C:\Users\maqho\.m2\repository\org\tweetyproject\plugin\1.20\plugin-1.20.jar;C:\Users\maqho\.m2\repository\org\tweetyproject\preferences\1.20\preferences-1.20.jar;C:\Users\maqho\.m2\repository\org\hamcrest\hamcrest-core\1.1\hamcrest-core-1.1.jar;C:\Users\maqho\.m2\repository\org\tweetyproject\web\1.20\web-1.20.jar;C:\Users\maqho\.m2\repository\org\glassfish\jersey\containers\jersey-container-grizzly2-http\2.29\jersey-container-grizzly2-http-2.29.jar;C:\Users\maqho\.m2\repository\org\glassfish\hk2\external\jakarta.inject\2.5.0\jakarta.inject-2.5.0.jar;C:\Users\maqho\.m2\repository\org\glassfish\grizzly\grizzly-http-server\2.4.4\grizzly-http-server-2.4.4.jar;C:\Users\maqho\.m2\repository\org\glassfish\grizzly\grizzly-http\2.4.4\grizzly-http-2.4.4.jar;C:\Users\maqho\.m2\repository\org\glassfish\grizzly\grizzly-framework\2.4.4\grizzly-framework-2.4.4.jar;C:\Users\maqho\.m2\repository\org\glassfish\jersey\core\jersey-common\2.29\jersey-common-2.29.jar;C:\Users\maqho\.m2\repository\jakarta\annotation\jakarta.annotation-api\1.3.4\jakarta.annotation-api-1.3.4.jar;C:\Users\maqho\.m2\repository\org\glassfish\hk2\osgi-resource-locator\1.0.3\osgi-resource-locator-1.0.3.jar;C:\Users\maqho\.m2\repository\com\sun\activation\jakarta.activation\1.2.1\jakarta.activation-1.2.1.jar;C:\Users\maqho\.m2\repository\org\glassfish\jersey\core\jersey-server\2.29\jersey-server-2.29.jar;C:\Users\maqho\.m2\repository\org\glassfish\jersey\core\jersey-client\2.29\jersey-client-2.29.jar;C:\Users\maqho\.m2\repository\javax\validation\validation-api\2.0.1.Final\validation-api-2.0.1.Final.jar;C:\Users\maqho\.m2\repository\jakarta\ws\rs\jakarta.ws.rs-api\2.1.5\jakarta.ws.rs-api-2.1.5.jar;C:\Users\maqho\.m2\repository\org\glassfish\jersey\media\jersey-media-json-jettison\2.29\jersey-media-json-jettison-2.29.jar;C:\Users\maqho\.m2\repository\org\glassfish\jersey\media\jersey-media-jaxb\2.29\jersey-media-jaxb-2.29.jar;C:\Users\maqho\.m2\repository\org\codehaus\jettison\jettison\1.3.7\jettison-1.3.7.jar;C:\Users\maqho\.m2\repository\jakarta\xml\bind\jakarta.xml.bind-api\2.3.2\jakarta.xml.bind-api-2.3.2.jar;C:\Users\maqho\.m2\repository\jakarta\activation\jakarta.activation-api\1.2.1\jakarta.activation-api-1.2.1.jar;C:\Users\maqho\.m2\repository\org\glassfish\jersey\inject\jersey-hk2\2.29\jersey-hk2-2.29.jar;C:\Users\maqho\.m2\repository\org\glassfish\hk2\hk2-locator\2.5.0\hk2-locator-2.5.0.jar;C:\Users\maqho\.m2\repository\org\glassfish\hk2\external\aopalliance-repackaged\2.5.0\aopalliance-repackaged-2.5.0.jar;C:\Users\maqho\.m2\repository\org\glassfish\hk2\hk2-api\2.5.0\hk2-api-2.5.0.jar;C:\Users\maqho\.m2\repository\org\glassfish\hk2\hk2-utils\2.5.0\hk2-utils-2.5.0.jar;C:\Users\maqho\.m2\repository\org\javassist\javassist\3.22.0-CR2\javassist-3.22.0-CR2.jar;C:\Users\maqho\.m2\repository\com\sun\xml\bind\jaxb-impl\2.3.0.1\jaxb-impl-2.3.0.1.jar;C:\Users\maqho\.m2\repository\javax\activation\activation\1.1.1\activation-1.1.1.jar;C:\Users\maqho\.m2\repository\com\sun\xml\bind\jaxb-core\2.3.0.1\jaxb-core-2.3.0.1.jar;"/>
    <property name="java.vm.vendor" value="Oracle Corporation"/>
    <property name="sun.arch.data.model" value="64"/>
    <property name="user.variant" value=""/>
    <property name="java.vendor.url" value="https://java.oracle.com/"/>
    <property name="user.timezone" value="Asia/Dubai"/>
    <property name="os.name" value="Windows 11"/>
    <property name="java.vm.specification.version" value="17"/>
    <property name="sun.java.launcher" value="SUN_STANDARD"/>
    <property name="user.country" value="ZA"/>
    <property name="sun.boot.library.path" value="C:\Program Files\Java\jdk-17.0.3.1\bin"/>
    <property name="sun.java.command" value="C:\Users\maqho\AppData\Local\Temp\surefire7025184037780300549\surefirebooter-20240818034424698_3.jar C:\Users\maqho\AppData\Local\Temp\surefire7025184037780300549 2024-08-18T03-44-24_476-jvmRun1 surefire-20240818034424698_1tmp surefire_0-20240818034424698_2tmp"/>
    <property name="jdk.debug" value="release"/>
    <property name="surefire.test.class.path" value="C:\Users\maqho\OneDrive\Documents\UCT\Honours\Project\FinalOptimisation\MHLMAQ001\rationalclosure\target\test-classes;C:\Users\maqho\OneDrive\Documents\UCT\Honours\Project\FinalOptimisation\MHLMAQ001\rationalclosure\target\classes;C:\Users\maqho\.m2\repository\junit\junit\3.8.1\junit-3.8.1.jar;C:\Users\maqho\.m2\repository\org\tweetyproject\tweety-full\1.20\tweety-full-1.20.jar;C:\Users\maqho\.m2\repository\org\tweetyproject\action\1.20\action-1.20.jar;C:\Users\maqho\.m2\repository\org\tweetyproject\agents\1.20\agents-1.20.jar;C:\Users\maqho\.m2\repository\org\tweetyproject\agents\dialogues\1.20\dialogues-1.20.jar;C:\Users\maqho\.m2\repository\org\tweetyproject\arg\aba\1.20\aba-1.20.jar;C:\Users\maqho\.m2\repository\org\tweetyproject\arg\adf\1.20\adf-1.20.jar;C:\Users\maqho\.m2\repository\org\tweetyproject\arg\bipolar\1.20\bipolar-1.20.jar;C:\Users\maqho\.m2\repository\org\tweetyproject\arg\aspic\1.20\aspic-1.20.jar;C:\Users\maqho\.m2\repository\org\tweetyproject\arg\deductive\1.20\deductive-1.20.jar;C:\Users\maqho\.m2\repository\org\tweetyproject\arg\delp\1.20\delp-1.20.jar;C:\Users\maqho\.m2\repository\args4j\args4j\2.0.26\args4j-2.0.26.jar;C:\Users\maqho\.m2\repository\org\tweetyproject\arg\dung\1.20\dung-1.20.jar;C:\Users\maqho\.m2\repository\org\tweetyproject\arg\lp\1.20\lp-1.20.jar;C:\Users\maqho\.m2\repository\org\tweetyproject\arg\prob\1.20\prob-1.20.jar;C:\Users\maqho\.m2\repository\org\tweetyproject\arg\saf\1.20\saf-1.20.jar;C:\Users\maqho\.m2\repository\org\tweetyproject\arg\setaf\1.20\setaf-1.20.jar;C:\Users\maqho\.m2\repository\org\tweetyproject\arg\social\1.20\social-1.20.jar;C:\Users\maqho\.m2\repository\org\tweetyproject\arg\rankings\1.20\rankings-1.20.jar;C:\Users\maqho\.m2\repository\org\tweetyproject\beliefdynamics\1.20\beliefdynamics-1.20.jar;C:\Users\maqho\.m2\repository\org\tweetyproject\cli\1.20\cli-1.20.jar;C:\Users\maqho\.m2\repository\jspf\core\1.0.2\core-1.0.2.jar;C:\Users\maqho\.m2\repository\commons-configuration\commons-configuration\1.9\commons-configuration-1.9.jar;C:\Users\maqho\.m2\repository\commons-lang\commons-lang\2.6\commons-lang-2.6.jar;C:\Users\maqho\.m2\repository\commons-logging\commons-logging\1.1.1\commons-logging-1.1.1.jar;C:\Users\maqho\.m2\repository\org\tweetyproject\commons\1.20\commons-1.20.jar;C:\Users\maqho\.m2\repository\ch\qos\logback\logback-core\0.9.30\logback-core-0.9.30.jar;C:\Users\maqho\.m2\repository\ch\qos\logback\logback-classic\0.9.30\logback-classic-0.9.30.jar;C:\Users\maqho\.m2\repository\org\slf4j\slf4j-api\1.6.2\slf4j-api-1.6.2.jar;C:\Users\maqho\.m2\repository\org\slf4j\slf4j-log4j12\1.7.26\slf4j-log4j12-1.7.26.jar;C:\Users\maqho\.m2\repository\log4j\log4j\1.2.17\log4j-1.2.17.jar;C:\Users\maqho\.m2\repository\org\tweetyproject\graphs\1.20\graphs-1.20.jar;C:\Users\maqho\.m2\repository\gov\nist\math\jama\1.0.3\jama-1.0.3.jar;C:\Users\maqho\.m2\repository\org\jgrapht\jgrapht-ext\1.5.0\jgrapht-ext-1.5.0.jar;C:\Users\maqho\.m2\repository\org\jgrapht\jgrapht-core\1.5.0\jgrapht-core-1.5.0.jar;C:\Users\maqho\.m2\repository\org\jheaps\jheaps\0.13\jheaps-0.13.jar;C:\Users\maqho\.m2\repository\com\github\vlsi\mxgraph\jgraphx\4.0.5\jgraphx-4.0.5.jar;C:\Users\maqho\.m2\repository\org\tweetyproject\logics\bpm\1.20\bpm-1.20.jar;C:\Users\maqho\.m2\repository\org\tweetyproject\logics\petri\1.20\petri-1.20.jar;C:\Users\maqho\.m2\repository\org\tweetyproject\logics\cl\1.20\cl-1.20.jar;C:\Users\maqho\.m2\repository\org\tweetyproject\logics\commons\1.20\commons-1.20.jar;C:\Users\maqho\.m2\repository\org\tweetyproject\logics\dl\1.20\dl-1.20.jar;C:\Users\maqho\.m2\repository\org\tweetyproject\logics\fol\1.20\fol-1.20.jar;C:\Users\maqho\.m2\repository\org\tweetyproject\logics\ml\1.20\ml-1.20.jar;C:\Users\maqho\.m2\repository\org\tweetyproject\logics\mln\1.20\mln-1.20.jar;C:\Users\maqho\.m2\repository\org\tweetyproject\logics\pcl\1.20\pcl-1.20.jar;C:\Users\maqho\.m2\repository\org\tweetyproject\logics\pl\1.20\pl-1.20.jar;C:\Users\maqho\.m2\repository\org\ow2\sat4j\org.ow2.sat4j.core\2.3.5\org.ow2.sat4j.core-2.3.5.jar;C:\Users\maqho\.m2\repository\org\tweetyproject\logics\qbf\1.20\qbf-1.20.jar;C:\Users\maqho\.m2\repository\org\tweetyproject\logics\rcl\1.20\rcl-1.20.jar;C:\Users\maqho\.m2\repository\org\tweetyproject\logics\rdl\1.20\rdl-1.20.jar;C:\Users\maqho\.m2\repository\org\tweetyproject\logics\rpcl\1.20\rpcl-1.20.jar;C:\Users\maqho\.m2\repository\org\tweetyproject\logics\translators\1.20\translators-1.20.jar;C:\Users\maqho\.m2\repository\org\tweetyproject\lp\asp\1.20\asp-1.20.jar;C:\Users\maqho\.m2\repository\org\tweetyproject\lp\asp\beliefdynamics\1.20\beliefdynamics-1.20.jar;C:\Users\maqho\.m2\repository\org\tweetyproject\lp\nlp\1.20\nlp-1.20.jar;C:\Users\maqho\.m2\repository\org\tweetyproject\machinelearning\1.20\machinelearning-1.20.jar;C:\Users\maqho\.m2\repository\tw\edu\ntu\csie\libsvm\3.17\libsvm-3.17.jar;C:\Users\maqho\.m2\repository\org\tweetyproject\math\1.20\math-1.20.jar;C:\Users\maqho\.m2\repository\org\apache\commons\commons-math\2.1\commons-math-2.1.jar;C:\Users\maqho\.m2\repository\org\apache\commons\commons-math3\3.2\commons-math3-3.2.jar;C:\Users\maqho\.m2\repository\org\ojalgo\ojalgo\35.0\ojalgo-35.0.jar;C:\Users\maqho\.m2\repository\isula\isula\1.1.1\isula-1.1.1.jar;C:\Users\maqho\.m2\repository\gurobi\gurobi\9.1.0\gurobi-9.1.0.jar;C:\Users\maqho\.m2\repository\org\tweetyproject\plugin\1.20\plugin-1.20.jar;C:\Users\maqho\.m2\repository\org\tweetyproject\preferences\1.20\preferences-1.20.jar;C:\Users\maqho\.m2\repository\org\hamcrest\hamcrest-core\1.1\hamcrest-core-1.1.jar;C:\Users\maqho\.m2\repository\org\tweetyproject\web\1.20\web-1.20.jar;C:\Users\maqho\.m2\repository\org\glassfish\jersey\containers\jersey-container-grizzly2-http\2.29\jersey-container-grizzly2-http-2.29.jar;C:\Users\maqho\.m2\repository\org\glassfish\hk2\external\jakarta.inject\2.5.0\jakarta.inject-2.5.0.jar;C:\Users\maqho\.m2\repository\org\glassfish\grizzly\grizzly-http-server\2.4.4\grizzly-http-server-2.4.4.jar;C:\Users\maqho\.m2\repository\org\glassfish\grizzly\grizzly-http\2.4.4\grizzly-http-2.4.4.jar;C:\Users\maqho\.m2\repository\org\glassfish\grizzly\grizzly-framework\2.4.4\grizzly-framework-2.4.4.jar;C:\Users\maqho\.m2\repository\org\glassfish\jersey\core\jersey-common\2.29\jersey-common-2.29.jar;C:\Users\maqho\.m2\repository\jakarta\annotation\jakarta.annotation-api\1.3.4\jakarta.annotation-api-1.3.4.jar;C:\Users\maqho\.m2\repository\org\glassfish\hk2\osgi-resource-locator\1.0.3\osgi-resource-locator-1.0.3.jar;C:\Users\maqho\.m2\repository\com\sun\activation\jakarta.activation\1.2.1\jakarta.activation-1.2.1.jar;C:\Users\maqho\.m2\repository\org\glassfish\jersey\core\jersey-server\2.29\jersey-server-2.29.jar;C:\Users\maqho\.m2\repository\org\glassfish\jersey\core\jersey-client\2.29\jersey-client-2.29.jar;C:\Users\maqho\.m2\repository\javax\validation\validation-api\2.0.1.Final\validation-api-2.0.1.Final.jar;C:\Users\maqho\.m2\repository\jakarta\ws\rs\jakarta.ws.rs-api\2.1.5\jakarta.ws.rs-api-2.1.5.jar;C:\Users\maqho\.m2\repository\org\glassfish\jersey\media\jersey-media-json-jettison\2.29\jersey-media-json-jettison-2.29.jar;C:\Users\maqho\.m2\repository\org\glassfish\jersey\media\jersey-media-jaxb\2.29\jersey-media-jaxb-2.29.jar;C:\Users\maqho\.m2\repository\org\codehaus\jettison\jettison\1.3.7\jettison-1.3.7.jar;C:\Users\maqho\.m2\repository\jakarta\xml\bind\jakarta.xml.bind-api\2.3.2\jakarta.xml.bind-api-2.3.2.jar;C:\Users\maqho\.m2\repository\jakarta\activation\jakarta.activation-api\1.2.1\jakarta.activation-api-1.2.1.jar;C:\Users\maqho\.m2\repository\org\glassfish\jersey\inject\jersey-hk2\2.29\jersey-hk2-2.29.jar;C:\Users\maqho\.m2\repository\org\glassfish\hk2\hk2-locator\2.5.0\hk2-locator-2.5.0.jar;C:\Users\maqho\.m2\repository\org\glassfish\hk2\external\aopalliance-repackaged\2.5.0\aopalliance-repackaged-2.5.0.jar;C:\Users\maqho\.m2\repository\org\glassfish\hk2\hk2-api\2.5.0\hk2-api-2.5.0.jar;C:\Users\maqho\.m2\repository\org\glassfish\hk2\hk2-utils\2.5.0\hk2-utils-2.5.0.jar;C:\Users\maqho\.m2\repository\org\javassist\javassist\3.22.0-CR2\javassist-3.22.0-CR2.jar;C:\Users\maqho\.m2\repository\com\sun\xml\bind\jaxb-impl\2.3.0.1\jaxb-impl-2.3.0.1.jar;C:\Users\maqho\.m2\repository\javax\activation\activation\1.1.1\activation-1.1.1.jar;C:\Users\maqho\.m2\repository\com\sun\xml\bind\jaxb-core\2.3.0.1\jaxb-core-2.3.0.1.jar;"/>
    <property name="sun.cpu.endian" value="little"/>
    <property name="user.home" value="C:\Users\maqho"/>
    <property name="user.language" value="en"/>
    <property name="java.specification.vendor" value="Oracle Corporation"/>
    <property name="java.version.date" value="2022-04-22"/>
    <property name="java.home" value="C:\Program Files\Java\jdk-17.0.3.1"/>
    <property name="file.separator" value="\"/>
    <property name="basedir" value="C:\Users\maqho\OneDrive\Documents\UCT\Honours\Project\FinalOptimisation\MHLMAQ001\rationalclosure"/>
    <property name="java.vm.compressedOopsMode" value="32-bit"/>
    <property name="line.separator" value="&#10;"/>
    <property name="java.vm.specification.vendor" value="Oracle Corporation"/>
    <property name="java.specification.name" value="Java Platform API Specification"/>
    <property name="surefire.real.class.path" value="C:\Users\maqho\AppData\Local\Temp\surefire7025184037780300549\surefirebooter-20240818034424698_3.jar"/>
    <property name="user.script" value=""/>
    <property name="sun.management.compiler" value="HotSpot 64-Bit Tiered Compilers"/>
    <property name="java.runtime.version" value="17.0.3.1+2-LTS-6"/>
    <property name="user.name" value="maqho"/>
    <property name="path.separator" value=";"/>
    <property name="os.version" value="10.0"/>
    <property name="java.runtime.name" value="Java(TM) SE Runtime Environment"/>
    <property name="file.encoding" value="Cp1252"/>
    <property name="java.vm.name" value="Java HotSpot(TM) 64-Bit Server VM"/>
    <property name="localRepository" value="C:\Users\maqho\.m2\repository"/>
    <property name="java.vendor.url.bug" value="https://bugreport.java.com/bugreport/"/>
    <property name="java.io.tmpdir" value="C:\Users\maqho\AppData\Local\Temp\"/>
    <property name="java.version" value="17.0.3.1"/>
    <property name="user.dir" value="C:\Users\maqho\OneDrive\Documents\UCT\Honours\Project\FinalOptimisation\MHLMAQ001\rationalclosure"/>
    <property name="os.arch" value="amd64"/>
    <property name="java.vm.specification.name" value="Java Virtual Machine Specification"/>
    <property name="sun.os.patch.level" value=""/>
    <property name="native.encoding" value="Cp1252"/>
    <property name="java.library.path" value="C:\Program Files\Java\jdk-17.0.3.1\bin;C:\WINDOWS\Sun\Java\bin;C:\WINDOWS\system32;C:\WINDOWS;C:\Program Files\Common Files\Oracle\Java\javapath;C:\WINDOWS\system32;C:\WINDOWS;C:\WINDOWS\System32\Wbem;C:\WINDOWS\System32\WindowsPowerShell\v1.0\;C:\WINDOWS\System32\OpenSSH\;C:\Program Files\Git\cmd;C:\Program Files\PuTTY\;C:\Program Files\nodejs\;C:\Python27\Scripts;C:\Python27\;C:\ProgramData\chocolatey\bin;C:\Users\maqho\Downloads\apache-maven-3.9.8-bin\apache-maven-3.9.8\bin;C:\Users\maqho\AppData\Local\Microsoft\WindowsApps;C:\Users\maqho\AppData\Local\Programs\Microsoft VS Code\bin;C:\Users\maqho\AppData\Roaming\npm;C:\Program Files\JetBrains\IntelliJ IDEA Community Edition 2023.2.2\bin;;C:\Users\maqho\AppData\Local\Programs\mongosh\;C:\ghcup\bin;C:\Python27;C:\Python27\Scripts;;."/>
    <property name="java.vm.info" value="mixed mode, sharing"/>
    <property name="java.vendor" value="Oracle Corporation"/>
    <property name="java.vm.version" value="17.0.3.1+2-LTS-6"/>
    <property name="sun.io.unicode.encoding" value="UnicodeLittle"/>
    <property name="java.class.version" value="61.0"/>
  </properties>
  <testcase name="testApp" classname="org.rationalclosure.AppTest" time="0.002"/>
</testsuite>